[INFO] 2023-08-09 11:41:09 Обновлен журнал изменений потребителей
[INFO] 2023-08-09 11:41:54 Обновлен журнал изменений потребителей
[INFO] 2023-08-09 11:43:32 Обновлен журнал изменений потребителей
[INFO] 2023-08-09 11:43:38 Файл template\Реестр потребителей для сравнения.xlsx отсутсвует
[INFO] 2023-08-09 11:46:47 Обновлен журнал изменений потребителей
[INFO] 2023-08-09 11:47:32 Обновлен журнал изменений потребителей
[INFO] 2023-08-09 11:49:31 Обновлен журнал изменений потребителей
[INFO] 2023-08-14 09:55:50 Обновлен журнал изменений потребителей
[INFO] 2023-08-17 12:29:04 Сформирована сводная ведомость БИКУ за Март
[INFO] 2023-08-17 12:32:34 Сформирована сводная ведомость бытовых потребителей за Июль

[INFO] 2023-08-22 12:36:53 СФормированы Расчетные ведомости БИКУ за Январь
[INFO] 2023-08-22 12:38:06 СФормированы Расчетные ведомости БИКУ за Июнь
[INFO] 2023-08-22 12:38:15 СФормированы Расчетные ведомости БИКУ за Июнь
[INFO] 2023-08-22 12:38:25 Сформирована сводная ведомость БИКУ за Июнь
[INFO] 2023-08-22 12:40:57 Сформирована сводная ведомость бытовых потребителей за Июнь
[INFO] 2023-10-03 11:13:28 Сформирована сводная ведомость коммерческих потребителей за Июнь
[INFO] 2023-10-03 11:14:01 Сформирована сводная ведомость коммерческих потребителей за Июнь
[INFO] 2023-10-03 14:40:32 Сформирована сводная ведомость бытовых потребителей за Май
[INFO] 2023-10-03 14:40:56 СФормированы Расчетные ведомости БИКУ за Май
[INFO] 2023-10-03 14:41:02 Сформирована сводная ведомость БИКУ за Май
